total 456
-rwxr-xr-x@ 1 anish.walia  staff  80992 Jun  7 16:33 addresses.txt*
-rwxr-xr-x@ 1 anish.walia  staff    281 Jun  7 16:33 awk.out*
-rw-r--r--  1 anish.walia  staff     89 Aug 18 13:53 condition.awk
-rw-r--r--  1 anish.walia  staff    114 Aug 30 18:53 count_words.awk
-rwxr-xr-x@ 1 anish.walia  staff  10886 Jun  7 16:33 csv.awk*
-rwxr-xr-x@ 1 anish.walia  staff    264 Jun  7 16:33 dukeofyork.txt*
-rwxr-xr-x@ 1 anish.walia  staff  31744 Jun  7 16:33 excel.xls*
-rwxr-xr-x@ 1 anish.walia  staff    207 Jun  7 16:33 excel_final.awk*
-rwxr-xr-x@ 1 anish.walia  staff     79 Jun  7 16:33 firstthree.awk*
-rw-r--r--  1 anish.walia  staff     82 Aug 18 13:59 forloop.awk
-rwxr-xr-x@ 1 anish.walia  staff    370 Jun  7 16:33 join.awk*
-rw-r--r--  1 anish.walia  staff      0 Aug 31 14:30 ls.out
-rwxr-xr-x@ 1 anish.walia  staff    316 Jun  7 16:33 makeofficers_final*
-rwxr-xr-x@ 1 anish.walia  staff    659 Jun  7 16:33 md.txt*
-rwxr-xr-x@ 1 anish.walia  staff    299 Jun  7 16:33 multiaddress.txt*
-rwxr-xr-x@ 1 anish.walia  staff    921 Jun  7 16:33 nameemailavg.csv*
-rwxr-xr-x@ 1 anish.walia  staff   1216 Jun  7 16:33 nameemailavg.out*
-rwxr-xr-x@ 1 anish.walia  staff    262 Jun  7 16:33 names.txt*
-rwxr-xr-x@ 1 anish.walia  staff   1310 Jun 10 10:32 nicknames.txt*
-rwxr-xr-x@ 1 anish.walia  staff    555 Jun  7 16:33 officers.html*
-rwxr-xr-x@ 1 anish.walia  staff    989 Jun  7 16:33 officers.txt*
-rwxr-xr-x@ 1 anish.walia  staff     62 Jun  7 16:33 onebigline.txt*
-rwxr-xr-x@ 1 anish.walia  staff    154 Jun  7 16:33 removethe.awk*
-rwxr-xr-x@ 1 anish.walia  staff    794 Jun  7 16:33 scores.txt*
-rwxr-xr-x@ 1 anish.walia  staff    518 Jun  7 16:33 scores_final.awk*
-rwxr-xr-x@ 1 anish.walia  staff     88 Jun  7 16:33 shortlong.awk*
-rwxr-xr-x@ 1 anish.walia  staff    109 Jun  7 16:33 shortlong.sh*
-rwxr-xr-x@ 1 anish.walia  staff     15 Jun  7 16:33 swap*
-rwxr-xr-x@ 1 anish.walia  staff    241 Jun  7 16:33 transpose.awk*
-rwxr-xr-x@ 1 anish.walia  staff    112 Jun  7 16:33 wordusage.awk*
